2017-11-24 22:32:38 27 [Warning] Using unique option prefix myisam-recover instead of myisam-recover-options is deprecated and will be removed in a future release. Please use the full name instead.
2017-11-24 22:32:38 27 [Note] Plugin 'FEDERATED' is disabled.
2017-11-24 22:32:38 27 [Note] InnoDB: Using atomics to ref count buffer pool pages
2017-11-24 22:32:38 27 [Note] InnoDB: The InnoDB memory heap is disabled
2017-11-24 22:32:38 27 [Note] InnoDB: Mutexes and rw_locks use GCC atomic builtins
2017-11-24 22:32:38 27 [Note] InnoDB: Memory barrier is not used
2017-11-24 22:32:38 27 [Note] InnoDB: Compressed tables use zlib 1.2.3
2017-11-24 22:32:38 27 [Note] InnoDB: Using Linux native AIO
2017-11-24 22:32:38 27 [Note] InnoDB: Using CPU crc32 instructions
2017-11-24 22:32:38 27 [Note] InnoDB: Initializing buffer pool, size = 32.0M
2017-11-24 22:32:38 27 [Note] InnoDB: Completed initialization of buffer pool
2017-11-24 22:32:38 27 [Note] InnoDB: Highest supported file format is Barracuda.
2017-11-24 22:32:38 27 [Note] InnoDB: The log sequence numbers 1625987 and 1625987 in ibdata files do not match the log sequence number 1625997 in the ib_logfiles!
2017-11-24 22:32:38 27 [Note] InnoDB: Database was not shutdown normally!
2017-11-24 22:32:38 27 [Note] InnoDB: Starting crash recovery.
2017-11-24 22:32:38 27 [Note] InnoDB: Reading tablespace information from the .ibd files...
2017-11-24 22:32:38 27 [Note] InnoDB: Restoring possible half-written data pages 
2017-11-24 22:32:38 27 [Note] InnoDB: from the doublewrite buffer...
2017-11-24 22:32:39 27 [Note] InnoDB: 128 rollback segment(s) are active.
2017-11-24 22:32:39 27 [Note] InnoDB: Waiting for purge to start
2017-11-24 22:32:39 27 [Note] InnoDB: 5.6.37 started; log sequence number 1625997
2017-11-24 22:32:39 27 [Note] Server hostname (bind-address): '*'; port: 3306
2017-11-24 22:32:39 27 [Note] IPv6 is available.
2017-11-24 22:32:39 27 [Note]   - '::' resolves to '::';
2017-11-24 22:32:39 27 [Note] Server socket created on IP: '::'.
2017-11-24 22:32:39 27 [ERROR] /usr/sbin/mysqld: Table './mysql/user' is marked as crashed and should be repaired
2017-11-24 22:32:39 27 [Warning] Checking table:   './mysql/user'
2017-11-24 22:32:39 27 [ERROR] 1 client is using or hasn't closed the table properly
2017-11-24 22:32:39 27 [Warning] 'user' entry 'root@e24d0b5cccc1' ignored in --skip-name-resolve mode.
2017-11-24 22:32:39 27 [Warning] 'user' entry '@e24d0b5cccc1' ignored in --skip-name-resolve mode.
2017-11-24 22:32:39 27 [Warning] 'proxies_priv' entry '@ root@e24d0b5cccc1' ignored in --skip-name-resolve mode.
2017-11-24 22:32:39 27 [Note] Event Scheduler: Loaded 0 events
2017-11-24 22:32:39 27 [Note] /usr/sbin/mysqld: ready for connections.
Version: '5.6.37'  socket: '/var/run/mysqld/mysqld.sock'  port: 3306  MySQL Community Server (GPL)
2017-11-24 22:35:34 43 [Warning] Using unique option prefix myisam-recover instead of myisam-recover-options is deprecated and will be removed in a future release. Please use the full name instead.
2017-11-24 22:35:34 43 [Note] Plugin 'FEDERATED' is disabled.
2017-11-24 22:35:34 43 [Note] InnoDB: Using atomics to ref count buffer pool pages
2017-11-24 22:35:34 43 [Note] InnoDB: The InnoDB memory heap is disabled
2017-11-24 22:35:34 43 [Note] InnoDB: Mutexes and rw_locks use GCC atomic builtins
2017-11-24 22:35:34 43 [Note] InnoDB: Memory barrier is not used
2017-11-24 22:35:34 43 [Note] InnoDB: Compressed tables use zlib 1.2.3
2017-11-24 22:35:34 43 [Note] InnoDB: Using Linux native AIO
2017-11-24 22:35:34 43 [Note] InnoDB: Using CPU crc32 instructions
2017-11-24 22:35:34 43 [Note] InnoDB: Initializing buffer pool, size = 32.0M
2017-11-24 22:35:34 43 [Note] InnoDB: Completed initialization of buffer pool
2017-11-24 22:35:34 43 [Note] InnoDB: Highest supported file format is Barracuda.
2017-11-24 22:35:34 43 [Note] InnoDB: The log sequence numbers 1625987 and 1625987 in ibdata files do not match the log sequence number 2430304 in the ib_logfiles!
2017-11-24 22:35:34 43 [Note] InnoDB: Database was not shutdown normally!
2017-11-24 22:35:34 43 [Note] InnoDB: Starting crash recovery.
2017-11-24 22:35:34 43 [Note] InnoDB: Reading tablespace information from the .ibd files...
2017-11-24 22:35:34 43 [Note] InnoDB: Restoring possible half-written data pages 
2017-11-24 22:35:34 43 [Note] InnoDB: from the doublewrite buffer...
2017-11-24 22:35:34 43 [Note] InnoDB: 128 rollback segment(s) are active.
2017-11-24 22:35:34 43 [Note] InnoDB: Waiting for purge to start
2017-11-24 22:35:34 43 [Note] InnoDB: 5.6.37 started; log sequence number 2430304
2017-11-24 22:35:34 43 [Note] Server hostname (bind-address): '*'; port: 3306
2017-11-24 22:35:34 43 [Note] IPv6 is available.
2017-11-24 22:35:34 43 [Note]   - '::' resolves to '::';
2017-11-24 22:35:34 43 [Note] Server socket created on IP: '::'.
2017-11-24 22:35:34 43 [Warning] 'user' entry 'root@e24d0b5cccc1' ignored in --skip-name-resolve mode.
2017-11-24 22:35:34 43 [Warning] 'user' entry '@e24d0b5cccc1' ignored in --skip-name-resolve mode.
2017-11-24 22:35:34 43 [Warning] 'proxies_priv' entry '@ root@e24d0b5cccc1' ignored in --skip-name-resolve mode.
2017-11-24 22:35:34 43 [Note] Event Scheduler: Loaded 0 events
2017-11-24 22:35:34 43 [Note] /usr/sbin/mysqld: ready for connections.
Version: '5.6.37'  socket: '/var/run/mysqld/mysqld.sock'  port: 3306  MySQL Community Server (GPL)
2017-11-25 18:47:54 42 [Warning] Using unique option prefix myisam-recover instead of myisam-recover-options is deprecated and will be removed in a future release. Please use the full name instead.
2017-11-25 18:47:54 42 [Note] Plugin 'FEDERATED' is disabled.
2017-11-25 18:47:54 42 [Note] InnoDB: Using atomics to ref count buffer pool pages
2017-11-25 18:47:54 42 [Note] InnoDB: The InnoDB memory heap is disabled
2017-11-25 18:47:54 42 [Note] InnoDB: Mutexes and rw_locks use GCC atomic builtins
2017-11-25 18:47:54 42 [Note] InnoDB: Memory barrier is not used
2017-11-25 18:47:54 42 [Note] InnoDB: Compressed tables use zlib 1.2.3
2017-11-25 18:47:54 42 [Note] InnoDB: Using Linux native AIO
2017-11-25 18:47:55 42 [Note] InnoDB: Using CPU crc32 instructions
2017-11-25 18:47:55 42 [Note] InnoDB: Initializing buffer pool, size = 32.0M
2017-11-25 18:47:55 42 [Note] InnoDB: Completed initialization of buffer pool
2017-11-25 18:47:55 42 [Note] InnoDB: Highest supported file format is Barracuda.
2017-11-25 18:47:55 42 [Note] InnoDB: The log sequence numbers 1625987 and 1625987 in ibdata files do not match the log sequence number 3046326 in the ib_logfiles!
2017-11-25 18:47:55 42 [Note] InnoDB: Database was not shutdown normally!
2017-11-25 18:47:55 42 [Note] InnoDB: Starting crash recovery.
2017-11-25 18:47:55 42 [Note] InnoDB: Reading tablespace information from the .ibd files...
2017-11-25 18:47:55 42 [Note] InnoDB: Restoring possible half-written data pages 
2017-11-25 18:47:55 42 [Note] InnoDB: from the doublewrite buffer...
2017-11-25 18:47:57 42 [Note] InnoDB: 128 rollback segment(s) are active.
2017-11-25 18:47:57 42 [Note] InnoDB: Waiting for purge to start
2017-11-25 18:47:57 42 [Note] InnoDB: 5.6.37 started; log sequence number 3046326
2017-11-25 18:47:57 42 [Note] Server hostname (bind-address): '*'; port: 3306
2017-11-25 18:47:57 42 [Note] IPv6 is available.
2017-11-25 18:47:57 42 [Note]   - '::' resolves to '::';
2017-11-25 18:47:57 42 [Note] Server socket created on IP: '::'.
2017-11-25 18:47:57 42 [Warning] 'user' entry 'root@e24d0b5cccc1' ignored in --skip-name-resolve mode.
2017-11-25 18:47:57 42 [Warning] 'user' entry '@e24d0b5cccc1' ignored in --skip-name-resolve mode.
2017-11-25 18:47:57 42 [Warning] 'proxies_priv' entry '@ root@e24d0b5cccc1' ignored in --skip-name-resolve mode.
2017-11-25 18:47:57 42 [Note] Event Scheduler: Loaded 0 events
2017-11-25 18:47:57 42 [Note] /usr/sbin/mysqld: ready for connections.
Version: '5.6.37'  socket: '/var/run/mysqld/mysqld.sock'  port: 3306  MySQL Community Server (GPL)
2017-11-26 12:44:29 42 [Warning] Using unique option prefix myisam-recover instead of myisam-recover-options is deprecated and will be removed in a future release. Please use the full name instead.
2017-11-26 12:44:29 42 [Note] Plugin 'FEDERATED' is disabled.
2017-11-26 12:44:29 42 [Note] InnoDB: Using atomics to ref count buffer pool pages
2017-11-26 12:44:29 42 [Note] InnoDB: The InnoDB memory heap is disabled
2017-11-26 12:44:29 42 [Note] InnoDB: Mutexes and rw_locks use GCC atomic builtins
2017-11-26 12:44:29 42 [Note] InnoDB: Memory barrier is not used
2017-11-26 12:44:29 42 [Note] InnoDB: Compressed tables use zlib 1.2.3
2017-11-26 12:44:29 42 [Note] InnoDB: Using Linux native AIO
2017-11-26 12:44:30 42 [Note] InnoDB: Using CPU crc32 instructions
2017-11-26 12:44:30 42 [Note] InnoDB: Initializing buffer pool, size = 32.0M
2017-11-26 12:44:30 42 [Note] InnoDB: Completed initialization of buffer pool
2017-11-26 12:44:30 42 [Note] InnoDB: Highest supported file format is Barracuda.
2017-11-26 12:44:30 42 [Note] InnoDB: The log sequence numbers 1625987 and 1625987 in ibdata files do not match the log sequence number 3654138 in the ib_logfiles!
2017-11-26 12:44:30 42 [Note] InnoDB: Database was not shutdown normally!
2017-11-26 12:44:30 42 [Note] InnoDB: Starting crash recovery.
2017-11-26 12:44:30 42 [Note] InnoDB: Reading tablespace information from the .ibd files...
2017-11-26 12:44:30 42 [Note] InnoDB: Restoring possible half-written data pages 
2017-11-26 12:44:30 42 [Note] InnoDB: from the doublewrite buffer...
2017-11-26 12:44:32 42 [Note] InnoDB: 128 rollback segment(s) are active.
2017-11-26 12:44:32 42 [Note] InnoDB: Waiting for purge to start
2017-11-26 12:44:32 42 [Note] InnoDB: 5.6.37 started; log sequence number 3654138
2017-11-26 12:44:32 42 [Note] Server hostname (bind-address): '*'; port: 3306
2017-11-26 12:44:32 42 [Note] IPv6 is available.
2017-11-26 12:44:32 42 [Note]   - '::' resolves to '::';
2017-11-26 12:44:32 42 [Note] Server socket created on IP: '::'.
2017-11-26 12:44:32 42 [Warning] 'user' entry 'root@e24d0b5cccc1' ignored in --skip-name-resolve mode.
2017-11-26 12:44:32 42 [Warning] 'user' entry '@e24d0b5cccc1' ignored in --skip-name-resolve mode.
2017-11-26 12:44:32 42 [Warning] 'proxies_priv' entry '@ root@e24d0b5cccc1' ignored in --skip-name-resolve mode.
2017-11-26 12:44:32 42 [Note] Event Scheduler: Loaded 0 events
2017-11-26 12:44:32 42 [Note] /usr/sbin/mysqld: ready for connections.
Version: '5.6.37'  socket: '/var/run/mysqld/mysqld.sock'  port: 3306  MySQL Community Server (GPL)
2017-11-28 11:41:38 51 [Warning] Using unique option prefix myisam-recover instead of myisam-recover-options is deprecated and will be removed in a future release. Please use the full name instead.
2017-11-28 11:41:38 51 [Note] Plugin 'FEDERATED' is disabled.
2017-11-28 11:41:38 51 [Note] InnoDB: Using atomics to ref count buffer pool pages
2017-11-28 11:41:38 51 [Note] InnoDB: The InnoDB memory heap is disabled
2017-11-28 11:41:38 51 [Note] InnoDB: Mutexes and rw_locks use GCC atomic builtins
2017-11-28 11:41:38 51 [Note] InnoDB: Memory barrier is not used
2017-11-28 11:41:38 51 [Note] InnoDB: Compressed tables use zlib 1.2.3
2017-11-28 11:41:38 51 [Note] InnoDB: Using Linux native AIO
2017-11-28 11:41:39 51 [Note] InnoDB: Using CPU crc32 instructions
2017-11-28 11:41:39 51 [Note] InnoDB: Initializing buffer pool, size = 32.0M
2017-11-28 11:41:39 51 [Note] InnoDB: Completed initialization of buffer pool
2017-11-28 11:41:39 51 [Note] InnoDB: Highest supported file format is Barracuda.
2017-11-28 11:41:39 51 [Note] InnoDB: The log sequence numbers 1625987 and 1625987 in ibdata files do not match the log sequence number 4457784 in the ib_logfiles!
2017-11-28 11:41:39 51 [Note] InnoDB: Database was not shutdown normally!
2017-11-28 11:41:39 51 [Note] InnoDB: Starting crash recovery.
2017-11-28 11:41:39 51 [Note] InnoDB: Reading tablespace information from the .ibd files...
2017-11-28 11:41:39 51 [Note] InnoDB: Restoring possible half-written data pages 
2017-11-28 11:41:39 51 [Note] InnoDB: from the doublewrite buffer...
2017-11-28 11:41:44 51 [Note] InnoDB: 128 rollback segment(s) are active.
2017-11-28 11:41:44 51 [Note] InnoDB: Waiting for purge to start
2017-11-28 11:41:44 51 [Note] InnoDB: 5.6.37 started; log sequence number 4457784
2017-11-28 11:41:44 51 [Note] Server hostname (bind-address): '*'; port: 3306
2017-11-28 11:41:44 51 [Note] IPv6 is available.
2017-11-28 11:41:44 51 [Note]   - '::' resolves to '::';
2017-11-28 11:41:44 51 [Note] Server socket created on IP: '::'.
2017-11-28 11:41:45 51 [Warning] 'user' entry 'root@e24d0b5cccc1' ignored in --skip-name-resolve mode.
2017-11-28 11:41:45 51 [Warning] 'user' entry '@e24d0b5cccc1' ignored in --skip-name-resolve mode.
2017-11-28 11:41:45 51 [Warning] 'proxies_priv' entry '@ root@e24d0b5cccc1' ignored in --skip-name-resolve mode.
2017-11-28 11:41:45 51 [Note] Event Scheduler: Loaded 0 events
2017-11-28 11:41:45 51 [Note] /usr/sbin/mysqld: ready for connections.
Version: '5.6.37'  socket: '/var/run/mysqld/mysqld.sock'  port: 3306  MySQL Community Server (GPL)
2017-11-28 12:53:53 36 [Warning] Using unique option prefix myisam-recover instead of myisam-recover-options is deprecated and will be removed in a future release. Please use the full name instead.
2017-11-28 12:53:53 36 [Note] Plugin 'FEDERATED' is disabled.
2017-11-28 12:53:53 36 [Note] InnoDB: Using atomics to ref count buffer pool pages
2017-11-28 12:53:53 36 [Note] InnoDB: The InnoDB memory heap is disabled
2017-11-28 12:53:53 36 [Note] InnoDB: Mutexes and rw_locks use GCC atomic builtins
2017-11-28 12:53:53 36 [Note] InnoDB: Memory barrier is not used
2017-11-28 12:53:53 36 [Note] InnoDB: Compressed tables use zlib 1.2.3
2017-11-28 12:53:53 36 [Note] InnoDB: Using Linux native AIO
2017-11-28 12:53:53 36 [Note] InnoDB: Using CPU crc32 instructions
2017-11-28 12:53:53 36 [Note] InnoDB: Initializing buffer pool, size = 32.0M
2017-11-28 12:53:53 36 [Note] InnoDB: Completed initialization of buffer pool
2017-11-28 12:53:53 36 [Note] InnoDB: Highest supported file format is Barracuda.
2017-11-28 12:53:53 36 [Note] InnoDB: The log sequence numbers 1625987 and 1625987 in ibdata files do not match the log sequence number 5011443 in the ib_logfiles!
2017-11-28 12:53:53 36 [Note] InnoDB: Database was not shutdown normally!
2017-11-28 12:53:53 36 [Note] InnoDB: Starting crash recovery.
2017-11-28 12:53:53 36 [Note] InnoDB: Reading tablespace information from the .ibd files...
2017-11-28 12:53:53 36 [Note] InnoDB: Restoring possible half-written data pages 
2017-11-28 12:53:53 36 [Note] InnoDB: from the doublewrite buffer...
2017-11-28 12:53:54 36 [Note] InnoDB: 128 rollback segment(s) are active.
2017-11-28 12:53:54 36 [Note] InnoDB: Waiting for purge to start
2017-11-28 12:53:55 36 [Note] InnoDB: 5.6.37 started; log sequence number 5011443
2017-11-28 12:53:55 36 [Note] Server hostname (bind-address): '*'; port: 3306
2017-11-28 12:53:55 36 [Note] IPv6 is available.
2017-11-28 12:53:55 36 [Note]   - '::' resolves to '::';
2017-11-28 12:53:55 36 [Note] Server socket created on IP: '::'.
2017-11-28 12:53:55 36 [Warning] 'user' entry 'root@e24d0b5cccc1' ignored in --skip-name-resolve mode.
2017-11-28 12:53:55 36 [Warning] 'user' entry '@e24d0b5cccc1' ignored in --skip-name-resolve mode.
2017-11-28 12:53:55 36 [Warning] 'proxies_priv' entry '@ root@e24d0b5cccc1' ignored in --skip-name-resolve mode.
2017-11-28 12:53:55 36 [Note] Event Scheduler: Loaded 0 events
2017-11-28 12:53:55 36 [Note] /usr/sbin/mysqld: ready for connections.
Version: '5.6.37'  socket: '/var/run/mysqld/mysqld.sock'  port: 3306  MySQL Community Server (GPL)
2017-11-28 18:33:29 36 [Warning] Using unique option prefix myisam-recover instead of myisam-recover-options is deprecated and will be removed in a future release. Please use the full name instead.
2017-11-28 18:33:29 36 [Note] Plugin 'FEDERATED' is disabled.
2017-11-28 18:33:29 36 [Note] InnoDB: Using atomics to ref count buffer pool pages
2017-11-28 18:33:29 36 [Note] InnoDB: The InnoDB memory heap is disabled
2017-11-28 18:33:29 36 [Note] InnoDB: Mutexes and rw_locks use GCC atomic builtins
2017-11-28 18:33:29 36 [Note] InnoDB: Memory barrier is not used
2017-11-28 18:33:29 36 [Note] InnoDB: Compressed tables use zlib 1.2.3
2017-11-28 18:33:29 36 [Note] InnoDB: Using Linux native AIO
2017-11-28 18:33:29 36 [Note] InnoDB: Using CPU crc32 instructions
2017-11-28 18:33:29 36 [Note] InnoDB: Initializing buffer pool, size = 32.0M
2017-11-28 18:33:29 36 [Note] InnoDB: Completed initialization of buffer pool
2017-11-28 18:33:29 36 [Note] InnoDB: Highest supported file format is Barracuda.
2017-11-28 18:33:29 36 [Note] InnoDB: The log sequence numbers 1625987 and 1625987 in ibdata files do not match the log sequence number 5301965 in the ib_logfiles!
2017-11-28 18:33:29 36 [Note] InnoDB: Database was not shutdown normally!
2017-11-28 18:33:29 36 [Note] InnoDB: Starting crash recovery.
2017-11-28 18:33:29 36 [Note] InnoDB: Reading tablespace information from the .ibd files...
2017-11-28 18:33:30 36 [Note] InnoDB: Restoring possible half-written data pages 
2017-11-28 18:33:30 36 [Note] InnoDB: from the doublewrite buffer...
2017-11-28 18:33:31 36 [Note] InnoDB: 128 rollback segment(s) are active.
2017-11-28 18:33:31 36 [Note] InnoDB: Waiting for purge to start
2017-11-28 18:33:32 36 [Note] InnoDB: 5.6.37 started; log sequence number 5301965
2017-11-28 18:33:32 36 [Note] Server hostname (bind-address): '*'; port: 3306
2017-11-28 18:33:32 36 [Note] IPv6 is available.
2017-11-28 18:33:32 36 [Note]   - '::' resolves to '::';
2017-11-28 18:33:32 36 [Note] Server socket created on IP: '::'.
2017-11-28 18:33:32 36 [Warning] 'user' entry 'root@e24d0b5cccc1' ignored in --skip-name-resolve mode.
2017-11-28 18:33:32 36 [Warning] 'user' entry '@e24d0b5cccc1' ignored in --skip-name-resolve mode.
2017-11-28 18:33:32 36 [Warning] 'proxies_priv' entry '@ root@e24d0b5cccc1' ignored in --skip-name-resolve mode.
2017-11-28 18:33:32 36 [Note] Event Scheduler: Loaded 0 events
2017-11-28 18:33:32 36 [Note] /usr/sbin/mysqld: ready for connections.
Version: '5.6.37'  socket: '/var/run/mysqld/mysqld.sock'  port: 3306  MySQL Community Server (GPL)
2017-11-28 22:54:25 39 [Warning] Using unique option prefix myisam-recover instead of myisam-recover-options is deprecated and will be removed in a future release. Please use the full name instead.
2017-11-28 22:54:25 39 [Note] Plugin 'FEDERATED' is disabled.
2017-11-28 22:54:25 39 [Note] InnoDB: Using atomics to ref count buffer pool pages
2017-11-28 22:54:25 39 [Note] InnoDB: The InnoDB memory heap is disabled
2017-11-28 22:54:25 39 [Note] InnoDB: Mutexes and rw_locks use GCC atomic builtins
2017-11-28 22:54:25 39 [Note] InnoDB: Memory barrier is not used
2017-11-28 22:54:25 39 [Note] InnoDB: Compressed tables use zlib 1.2.3
2017-11-28 22:54:25 39 [Note] InnoDB: Using Linux native AIO
2017-11-28 22:54:25 39 [Note] InnoDB: Using CPU crc32 instructions
2017-11-28 22:54:25 39 [Note] InnoDB: Initializing buffer pool, size = 32.0M
2017-11-28 22:54:25 39 [Note] InnoDB: Completed initialization of buffer pool
2017-11-28 22:54:25 39 [Note] InnoDB: Highest supported file format is Barracuda.
2017-11-28 22:54:25 39 [Note] InnoDB: The log sequence numbers 1625987 and 1625987 in ibdata files do not match the log sequence number 5340479 in the ib_logfiles!
2017-11-28 22:54:25 39 [Note] InnoDB: Database was not shutdown normally!
2017-11-28 22:54:25 39 [Note] InnoDB: Starting crash recovery.
2017-11-28 22:54:25 39 [Note] InnoDB: Reading tablespace information from the .ibd files...
2017-11-28 22:54:25 39 [Note] InnoDB: Restoring possible half-written data pages 
2017-11-28 22:54:25 39 [Note] InnoDB: from the doublewrite buffer...
2017-11-28 22:54:26 39 [Note] InnoDB: 128 rollback segment(s) are active.
2017-11-28 22:54:26 39 [Note] InnoDB: Waiting for purge to start
2017-11-28 22:54:26 39 [Note] InnoDB: 5.6.37 started; log sequence number 5340479
2017-11-28 22:54:26 39 [Note] Server hostname (bind-address): '*'; port: 3306
2017-11-28 22:54:26 39 [Note] IPv6 is available.
2017-11-28 22:54:26 39 [Note]   - '::' resolves to '::';
2017-11-28 22:54:26 39 [Note] Server socket created on IP: '::'.
2017-11-28 22:54:26 39 [Warning] 'user' entry 'root@e24d0b5cccc1' ignored in --skip-name-resolve mode.
2017-11-28 22:54:26 39 [Warning] 'user' entry '@e24d0b5cccc1' ignored in --skip-name-resolve mode.
2017-11-28 22:54:26 39 [Warning] 'proxies_priv' entry '@ root@e24d0b5cccc1' ignored in --skip-name-resolve mode.
2017-11-28 22:54:26 39 [Note] Event Scheduler: Loaded 0 events
2017-11-28 22:54:26 39 [Note] /usr/sbin/mysqld: ready for connections.
Version: '5.6.37'  socket: '/var/run/mysqld/mysqld.sock'  port: 3306  MySQL Community Server (GPL)
2017-11-29 10:29:51 39 [Warning] Using unique option prefix myisam-recover instead of myisam-recover-options is deprecated and will be removed in a future release. Please use the full name instead.
2017-11-29 10:29:51 39 [Note] Plugin 'FEDERATED' is disabled.
2017-11-29 10:29:51 39 [Note] InnoDB: Using atomics to ref count buffer pool pages
2017-11-29 10:29:51 39 [Note] InnoDB: The InnoDB memory heap is disabled
2017-11-29 10:29:51 39 [Note] InnoDB: Mutexes and rw_locks use GCC atomic builtins
2017-11-29 10:29:51 39 [Note] InnoDB: Memory barrier is not used
2017-11-29 10:29:51 39 [Note] InnoDB: Compressed tables use zlib 1.2.3
2017-11-29 10:29:51 39 [Note] InnoDB: Using Linux native AIO
2017-11-29 10:29:51 39 [Note] InnoDB: Using CPU crc32 instructions
2017-11-29 10:29:51 39 [Note] InnoDB: Initializing buffer pool, size = 32.0M
2017-11-29 10:29:51 39 [Note] InnoDB: Completed initialization of buffer pool
2017-11-29 10:29:51 39 [Note] InnoDB: Highest supported file format is Barracuda.
2017-11-29 10:29:51 39 [Note] InnoDB: The log sequence numbers 1625987 and 1625987 in ibdata files do not match the log sequence number 5889450 in the ib_logfiles!
2017-11-29 10:29:51 39 [Note] InnoDB: Database was not shutdown normally!
2017-11-29 10:29:51 39 [Note] InnoDB: Starting crash recovery.
2017-11-29 10:29:51 39 [Note] InnoDB: Reading tablespace information from the .ibd files...
2017-11-29 10:29:51 39 [Note] InnoDB: Restoring possible half-written data pages 
2017-11-29 10:29:51 39 [Note] InnoDB: from the doublewrite buffer...
2017-11-29 10:29:51 39 [Note] InnoDB: 128 rollback segment(s) are active.
2017-11-29 10:29:51 39 [Note] InnoDB: Waiting for purge to start
2017-11-29 10:29:51 39 [Note] InnoDB: 5.6.37 started; log sequence number 5889450
2017-11-29 10:29:51 39 [Note] Server hostname (bind-address): '*'; port: 3306
2017-11-29 10:29:51 39 [Note] IPv6 is available.
2017-11-29 10:29:51 39 [Note]   - '::' resolves to '::';
2017-11-29 10:29:51 39 [Note] Server socket created on IP: '::'.
2017-11-29 10:29:51 39 [Warning] 'user' entry 'root@e24d0b5cccc1' ignored in --skip-name-resolve mode.
2017-11-29 10:29:51 39 [Warning] 'user' entry '@e24d0b5cccc1' ignored in --skip-name-resolve mode.
2017-11-29 10:29:51 39 [Warning] 'proxies_priv' entry '@ root@e24d0b5cccc1' ignored in --skip-name-resolve mode.
2017-11-29 10:29:51 39 [Note] Event Scheduler: Loaded 0 events
2017-11-29 10:29:51 39 [Note] /usr/sbin/mysqld: ready for connections.
Version: '5.6.37'  socket: '/var/run/mysqld/mysqld.sock'  port: 3306  MySQL Community Server (GPL)
2017-11-29 19:24:14 45 [Warning] Using unique option prefix myisam-recover instead of myisam-recover-options is deprecated and will be removed in a future release. Please use the full name instead.
2017-11-29 19:24:14 45 [Note] Plugin 'FEDERATED' is disabled.
2017-11-29 19:24:14 45 [Note] InnoDB: Using atomics to ref count buffer pool pages
2017-11-29 19:24:14 45 [Note] InnoDB: The InnoDB memory heap is disabled
2017-11-29 19:24:14 45 [Note] InnoDB: Mutexes and rw_locks use GCC atomic builtins
2017-11-29 19:24:14 45 [Note] InnoDB: Memory barrier is not used
2017-11-29 19:24:14 45 [Note] InnoDB: Compressed tables use zlib 1.2.3
2017-11-29 19:24:14 45 [Note] InnoDB: Using Linux native AIO
2017-11-29 19:24:14 45 [Note] InnoDB: Using CPU crc32 instructions
2017-11-29 19:24:14 45 [Note] InnoDB: Initializing buffer pool, size = 32.0M
2017-11-29 19:24:14 45 [Note] InnoDB: Completed initialization of buffer pool
2017-11-29 19:24:14 45 [Note] InnoDB: Highest supported file format is Barracuda.
2017-11-29 19:24:14 45 [Note] InnoDB: The log sequence numbers 1625987 and 1625987 in ibdata files do not match the log sequence number 7277510 in the ib_logfiles!
2017-11-29 19:24:14 45 [Note] InnoDB: Database was not shutdown normally!
2017-11-29 19:24:14 45 [Note] InnoDB: Starting crash recovery.
2017-11-29 19:24:14 45 [Note] InnoDB: Reading tablespace information from the .ibd files...
2017-11-29 19:24:14 45 [Note] InnoDB: Restoring possible half-written data pages 
2017-11-29 19:24:14 45 [Note] InnoDB: from the doublewrite buffer...
2017-11-29 19:24:15 45 [Note] InnoDB: 128 rollback segment(s) are active.
2017-11-29 19:24:15 45 [Note] InnoDB: Waiting for purge to start
2017-11-29 19:24:15 45 [Note] InnoDB: 5.6.37 started; log sequence number 7277510
2017-11-29 19:24:15 45 [Note] Server hostname (bind-address): '*'; port: 3306
2017-11-29 19:24:15 45 [Note] IPv6 is available.
2017-11-29 19:24:15 45 [Note]   - '::' resolves to '::';
2017-11-29 19:24:15 45 [Note] Server socket created on IP: '::'.
2017-11-29 19:24:15 45 [Warning] 'user' entry 'root@e24d0b5cccc1' ignored in --skip-name-resolve mode.
2017-11-29 19:24:15 45 [Warning] 'user' entry '@e24d0b5cccc1' ignored in --skip-name-resolve mode.
2017-11-29 19:24:15 45 [Warning] 'proxies_priv' entry '@ root@e24d0b5cccc1' ignored in --skip-name-resolve mode.
2017-11-29 19:24:15 45 [Note] Event Scheduler: Loaded 0 events
2017-11-29 19:24:15 45 [Note] /usr/sbin/mysqld: ready for connections.
Version: '5.6.37'  socket: '/var/run/mysqld/mysqld.sock'  port: 3306  MySQL Community Server (GPL)
2017-11-30 13:51:46 36 [Warning] Using unique option prefix myisam-recover instead of myisam-recover-options is deprecated and will be removed in a future release. Please use the full name instead.
2017-11-30 13:51:46 36 [Note] Plugin 'FEDERATED' is disabled.
2017-11-30 13:51:46 36 [Note] InnoDB: Using atomics to ref count buffer pool pages
2017-11-30 13:51:46 36 [Note] InnoDB: The InnoDB memory heap is disabled
2017-11-30 13:51:46 36 [Note] InnoDB: Mutexes and rw_locks use GCC atomic builtins
2017-11-30 13:51:46 36 [Note] InnoDB: Memory barrier is not used
2017-11-30 13:51:46 36 [Note] InnoDB: Compressed tables use zlib 1.2.3
2017-11-30 13:51:46 36 [Note] InnoDB: Using Linux native AIO
2017-11-30 13:51:46 36 [Note] InnoDB: Using CPU crc32 instructions
2017-11-30 13:51:46 36 [Note] InnoDB: Initializing buffer pool, size = 32.0M
2017-11-30 13:51:46 36 [Note] InnoDB: Completed initialization of buffer pool
2017-11-30 13:51:46 36 [Note] InnoDB: Highest supported file format is Barracuda.
2017-11-30 13:51:46 36 [Note] InnoDB: The log sequence numbers 1625987 and 1625987 in ibdata files do not match the log sequence number 7304154 in the ib_logfiles!
2017-11-30 13:51:46 36 [Note] InnoDB: Database was not shutdown normally!
2017-11-30 13:51:46 36 [Note] InnoDB: Starting crash recovery.
2017-11-30 13:51:46 36 [Note] InnoDB: Reading tablespace information from the .ibd files...
2017-11-30 13:51:46 36 [Note] InnoDB: Restoring possible half-written data pages 
2017-11-30 13:51:46 36 [Note] InnoDB: from the doublewrite buffer...
2017-11-30 13:51:47 36 [Note] InnoDB: 128 rollback segment(s) are active.
2017-11-30 13:51:47 36 [Note] InnoDB: Waiting for purge to start
2017-11-30 13:51:47 36 [Note] InnoDB: 5.6.37 started; log sequence number 7304154
2017-11-30 13:51:47 36 [Note] Server hostname (bind-address): '*'; port: 3306
2017-11-30 13:51:47 36 [Note] IPv6 is available.
2017-11-30 13:51:47 36 [Note]   - '::' resolves to '::';
2017-11-30 13:51:47 36 [Note] Server socket created on IP: '::'.
2017-11-30 13:51:47 36 [Warning] 'user' entry 'root@e24d0b5cccc1' ignored in --skip-name-resolve mode.
2017-11-30 13:51:47 36 [Warning] 'user' entry '@e24d0b5cccc1' ignored in --skip-name-resolve mode.
2017-11-30 13:51:47 36 [Warning] 'proxies_priv' entry '@ root@e24d0b5cccc1' ignored in --skip-name-resolve mode.
2017-11-30 13:51:47 36 [Note] Event Scheduler: Loaded 0 events
2017-11-30 13:51:47 36 [Note] /usr/sbin/mysqld: ready for connections.
Version: '5.6.37'  socket: '/var/run/mysqld/mysqld.sock'  port: 3306  MySQL Community Server (GPL)
